Using pre-set license
Built from '2021.3/release' branch; Version is '2021.3.12f1 (8af3c3e441b1) revision 9106371'; Using compiler version '192829333'; Build Type 'Release'
OS: 'Windows 11  (10.0.22621) 64bit CoreSingleLanguage' Language: 'en' Physical Memory: 8013 MB
BatchMode: 1, IsHumanControllingUs: 0, StartBugReporterOnCrash: 0, Is64bit: 1, IsPro: 1

COMMAND LINE ARGUMENTS:
C:\Program Files\Unity\Hub\Editor\2021.3.12f1\Editor\Unity.exe
-adb2
-batchMode
-noUpm
-name
AssetImportWorker4
-projectPath
D:/My_File/Mon_Hoc/HK1 2022-2023/GameDevelopment/CK2
-logFile
Logs/AssetImportWorker4.log
-srvPort
56767
Successfully changed project path to: D:/My_File/Mon_Hoc/HK1 2022-2023/GameDevelopment/CK2
D:/My_File/Mon_Hoc/HK1 2022-2023/GameDevelopment/CK2
[UnityMemory] Configuration Parameters - Can be set up in boot.config
    "memorysetup-bucket-allocator-granularity=16"
    "memorysetup-bucket-allocator-bucket-count=8"
    "memorysetup-bucket-allocator-block-size=33554432"
    "memorysetup-bucket-allocator-block-count=8"
    "memorysetup-main-allocator-block-size=16777216"
    "memorysetup-thread-allocator-block-size=16777216"
    "memorysetup-gfx-main-allocator-block-size=16777216"
    "memorysetup-gfx-thread-allocator-block-size=16777216"
    "memorysetup-cache-allocator-block-size=4194304"
    "memorysetup-typetree-allocator-block-size=2097152"
    "memorysetup-profiler-bucket-allocator-granularity=16"
    "memorysetup-profiler-bucket-allocator-bucket-count=8"
    "memorysetup-profiler-bucket-allocator-block-size=33554432"
    "memorysetup-profiler-bucket-allocator-block-count=8"
    "memorysetup-profiler-allocator-block-size=16777216"
    "memorysetup-profiler-editor-allocator-block-size=1048576"
    "memorysetup-temp-allocator-size-main=16777216"
    "memorysetup-job-temp-allocator-block-size=2097152"
    "memorysetup-job-temp-allocator-block-size-background=1048576"
    "memorysetup-job-temp-allocator-reduction-small-platforms=262144"
    "memorysetup-temp-allocator-size-background-worker=32768"
    "memorysetup-temp-allocator-size-job-worker=262144"
    "memorysetup-temp-allocator-size-preload-manager=33554432"
    "memorysetup-temp-allocator-size-nav-mesh-worker=65536"
    "memorysetup-temp-allocator-size-audio-worker=65536"
    "memorysetup-temp-allocator-size-cloud-worker=32768"
    "memorysetup-temp-allocator-size-gi-baking-worker=262144"
    "memorysetup-temp-allocator-size-gfx=262144"
Refreshing native plugins compatible for Editor in 227.83 ms, found 3 plugins.
Preloading 0 native plugins for Editor in 0.00 ms.
Initialize engine version: 2021.3.12f1 (8af3c3e441b1)
[Subsystems] Discovering subsystems at path C:/Program Files/Unity/Hub/Editor/2021.3.12f1/Editor/Data/Resources/UnitySubsystems
[Subsystems] Discovering subsystems at path D:/My_File/Mon_Hoc/HK1 2022-2023/GameDevelopment/CK2/Assets
GfxDevice: creating device client; threaded=0; jobified=0
Direct3D:
    Version:  Direct3D 11.0 [level 11.1]
    Renderer: NVIDIA GeForce GTX 1650 with Max-Q Design (ID=0x1f9d)
    Vendor:   NVIDIA
    VRAM:     3962 MB
    Driver:   30.0.15.1123
Initialize mono
Mono path[0] = 'C:/Program Files/Unity/Hub/Editor/2021.3.12f1/Editor/Data/Managed'
Mono path[1] = 'C:/Program Files/Unity/Hub/Editor/2021.3.12f1/Editor/Data/MonoBleedingEdge/lib/mono/unityjit-win32'
Mono config path = 'C:/Program Files/Unity/Hub/Editor/2021.3.12f1/Editor/Data/MonoBleedingEdge/etc'
Using monoOptions --debugger-agent=transport=dt_socket,embedding=1,server=y,suspend=n,address=127.0.0.1:56684
Begin MonoManager ReloadAssembly
Registering precompiled unity dll's ...
Register platform support module: C:/Program Files/Unity/Hub/Editor/2021.3.12f1/Editor/Data/PlaybackEngines/WindowsStandaloneSupport/UnityEditor.WindowsStandalone.Extensions.dll
Registered in 0.008119 seconds.
Native extension for WindowsStandalone target not found
Refreshing native plugins compatible for Editor in 153.07 ms, found 3 plugins.
Preloading 0 native plugins for Editor in 0.00 ms.
Mono: successfully reloaded assembly
- Completed reload, in  0.945 seconds
Domain Reload Profiling:
	ReloadAssembly (945ms)
		BeginReloadAssembly (106ms)
			ExecutionOrderSort (0ms)
			DisableScriptedObjects (0ms)
			BackupInstance (0ms)
			ReleaseScriptingObjects (0ms)
			CreateAndSetChildDomain (1ms)
		EndReloadAssembly (675ms)
			LoadAssemblies (101ms)
			RebuildTransferFunctionScriptingTraits (0ms)
			SetupTypeCache (150ms)
			ReleaseScriptCaches (0ms)
			RebuildScriptCaches (38ms)
			SetupLoadedEditorAssemblies (413ms)
				LogAssemblyErrors (0ms)
				InitializePlatformSupportModulesInManaged (10ms)
				SetLoadedEditorAssemblies (0ms)
				RefreshPlugins (153ms)
				BeforeProcessingInitializeOnLoad (2ms)
				ProcessInitializeOnLoadAttributes (183ms)
				ProcessInitializeOnLoadMethodAttributes (64ms)
				AfterProcessingInitializeOnLoad (0ms)
				EditorAssembliesLoaded (0ms)
			ExecutionOrderSort2 (0ms)
			AwakeInstancesAfterBackupRestoration (0ms)
Platform modules already initialized, skipping
Registering precompiled user dll's ...
Registered in 0.007858 seconds.
Begin MonoManager ReloadAssembly
Symbol file LoadedFromMemory doesn't match image D:\My_File\Mon_Hoc\HK1 2022-2023\GameDevelopment\CK2\Library\PackageCache\com.unity.visualscripting@1.7.8\Editor\VisualScripting.Core\Dependencies\YamlDotNet\Unity.VisualScripting.YamlDotNet.dll
Symbol file LoadedFromMemory doesn't match image D:\My_File\Mon_Hoc\HK1 2022-2023\GameDevelopment\CK2\Library\PackageCache\com.unity.visualscripting@1.7.8\Editor\VisualScripting.Core\Dependencies\DotNetZip\Unity.VisualScripting.IonicZip.dll
Native extension for WindowsStandalone target not found
Refreshing native plugins compatible for Editor in 0.94 ms, found 3 plugins.
Preloading 0 native plugins for Editor in 0.00 ms.
Mono: successfully reloaded assembly
- Completed reload, in  1.568 seconds
Domain Reload Profiling:
	ReloadAssembly (1570ms)
		BeginReloadAssembly (149ms)
			ExecutionOrderSort (0ms)
			DisableScriptedObjects (8ms)
			BackupInstance (0ms)
			ReleaseScriptingObjects (0ms)
			CreateAndSetChildDomain (23ms)
		EndReloadAssembly (1253ms)
			LoadAssemblies (141ms)
			RebuildTransferFunctionScriptingTraits (0ms)
			SetupTypeCache (394ms)
			ReleaseScriptCaches (1ms)
			RebuildScriptCaches (78ms)
			SetupLoadedEditorAssemblies (576ms)
				LogAssemblyErrors (0ms)
				InitializePlatformSupportModulesInManaged (8ms)
				SetLoadedEditorAssemblies (1ms)
				RefreshPlugins (1ms)
				BeforeProcessingInitializeOnLoad (129ms)
				ProcessInitializeOnLoadAttributes (356ms)
				ProcessInitializeOnLoadMethodAttributes (63ms)
				AfterProcessingInitializeOnLoad (17ms)
				EditorAssembliesLoaded (0ms)
			ExecutionOrderSort2 (0ms)
			AwakeInstancesAfterBackupRestoration (11ms)
Platform modules already initialized, skipping
========================================================================
Worker process is ready to serve import requests
Launched and connected shader compiler UnityShaderCompiler.exe after 0.07 seconds
Refreshing native plugins compatible for Editor in 0.99 ms, found 3 plugins.
Preloading 0 native plugins for Editor in 0.00 ms.
Unloading 3691 Unused Serialized files (Serialized files now loaded: 0)
Unloading 41 unused Assets / (1.3 MB). Loaded Objects now: 4150.
Memory consumption went from 139.9 MB to 138.7 MB.
Total: 4.963400 ms (FindLiveObjects: 0.367500 ms CreateObjectMapping: 0.316000 ms MarkObjects: 3.978500 ms  DeleteObjects: 0.300100 ms)

AssetImportParameters requested are different than current active one (requested -> active):
  custom:video-decoder-ogg-theora: a1e56fd34408186e4bbccfd4996cb3dc -> 
  custom:container-muxer-webm: aa71ff27fc2769a1b78a27578f13a17b -> 
  custom:container-demuxer-webm: 4f35f7cbe854078d1ac9338744f61a02 -> 
  custom:video-encoder-webm-vp8: eb34c28f22e8b96e1ab97ce403110664 -> 
  custom:audio-encoder-webm-vorbis: bf7c407c2cedff20999df2af8eb42d56 -> 
  custom:framework-win-MediaFoundation: 216162199b28c13a410421893ffa2e32 -> 
  custom:SearchIndexIgnoredProperties: e643bd26f0fe6173181afceb89e7c659 -> 
  custom:container-demuxer-ogg: 62fdf1f143b41e24485cea50d1cbac27 -> 
  custom:video-decoder-webm-vp8: 9c59270c3fd7afecdb556c50c9e8de78 -> 
  custom:audio-decoder-ogg-vorbis: bf7c407c2cedff20999df2af8eb42d56 -> 
========================================================================
Received Import Request.
  Time since last request: 21810.632470 seconds.
  path: Packages/com.unity.collab-proxy/Editor/PlasticSCM/Assets/Images/d_cloudbuho.png
  artifactKey: Guid(e5600378dd761e64d9423790c482bf36) Importer(815301076,1909f56bfc062723c751e8b465ee728b)
Start importing Packages/com.unity.collab-proxy/Editor/PlasticSCM/Assets/Images/d_cloudbuho.png using Guid(e5600378dd761e64d9423790c482bf36) Importer(815301076,1909f56bfc062723c751e8b465ee728b)  -> (artifact id: '52f1aedd2c3dcc62870ebc9667862cf4') in 0.253287 seconds 
========================================================================
Received Import Request.
  Time since last request: 0.000112 seconds.
  path: Packages/com.unity.collab-proxy/Editor/PlasticSCM/Assets/Images/d_expertbuhoshe.png
  artifactKey: Guid(8325d4ef0a6eb3d43952aff8a06d9f45) Importer(815301076,1909f56bfc062723c751e8b465ee728b)
Start importing Packages/com.unity.collab-proxy/Editor/PlasticSCM/Assets/Images/d_expertbuhoshe.png using Guid(8325d4ef0a6eb3d43952aff8a06d9f45) Importer(815301076,1909f56bfc062723c751e8b465ee728b)  -> (artifact id: 'b815769ffa15d51ebc04f2d6bd7da2e7') in 0.024606 seconds 
========================================================================
Received Import Request.
  Time since last request: 0.000131 seconds.
  path: Packages/com.unity.collab-proxy/Editor/PlasticSCM/Assets/Images/d_cloudbuhoshechristmas.png
  artifactKey: Guid(9c0d6ec706e01ce448aea81584af092b) Importer(815301076,1909f56bfc062723c751e8b465ee728b)
Start importing Packages/com.unity.collab-proxy/Editor/PlasticSCM/Assets/Images/d_cloudbuhoshechristmas.png using Guid(9c0d6ec706e01ce448aea81584af092b) Importer(815301076,1909f56bfc062723c751e8b465ee728b)  -> (artifact id: '6bb95e9d4cbece74657369556565f85f') in 0.028347 seconds 
========================================================================
Received Import Request.
  Time since last request: 0.000027 seconds.
  path: Packages/com.unity.collab-proxy/Editor/PlasticSCM/Assets/Images/d_genericbuhoshe1.png
  artifactKey: Guid(f2901efd8bb16bc408ad37f017fbf9bc) Importer(815301076,1909f56bfc062723c751e8b465ee728b)
Start importing Packages/com.unity.collab-proxy/Editor/PlasticSCM/Assets/Images/d_genericbuhoshe1.png using Guid(f2901efd8bb16bc408ad37f017fbf9bc) Importer(815301076,1909f56bfc062723c751e8b465ee728b)  -> (artifact id: '323df2202d7fa47a37d21efe973233b4') in 0.024834 seconds 
========================================================================
Received Import Request.
  Time since last request: 0.000028 seconds.
  path: Packages/com.unity.collab-proxy/Editor/PlasticSCM/Assets/Images/d_colorbuho.png
  artifactKey: Guid(3a0c527d7f890d64a9b56b086e6e766a) Importer(815301076,1909f56bfc062723c751e8b465ee728b)
Start importing Packages/com.unity.collab-proxy/Editor/PlasticSCM/Assets/Images/d_colorbuho.png using Guid(3a0c527d7f890d64a9b56b086e6e766a) Importer(815301076,1909f56bfc062723c751e8b465ee728b)  -> (artifact id: '56d9babd0d956bc870892d5eb4052153') in 0.023604 seconds 
========================================================================
Received Import Request.
  Time since last request: 0.000037 seconds.
  path: Packages/com.unity.collab-proxy/Editor/PlasticSCM/Assets/Images/d_iconcheckedoutlocaloverlay.png
  artifactKey: Guid(bb1928aff4fd4cf44af1f629dc14ef9b) Importer(815301076,1909f56bfc062723c751e8b465ee728b)
Start importing Packages/com.unity.collab-proxy/Editor/PlasticSCM/Assets/Images/d_iconcheckedoutlocaloverlay.png using Guid(bb1928aff4fd4cf44af1f629dc14ef9b) Importer(815301076,1909f56bfc062723c751e8b465ee728b)  -> (artifact id: 'e4739b8d51064828b44d210d636d45e2') in 0.018417 seconds 
========================================================================
Received Import Request.
  Time since last request: 0.000046 seconds.
  path: Packages/com.unity.collab-proxy/Editor/PlasticSCM/Assets/Images/d_genericbuhoshechristmas1.png
  artifactKey: Guid(d98fbe17966d8ef449b25b99024bf36f) Importer(815301076,1909f56bfc062723c751e8b465ee728b)
Start importing Packages/com.unity.collab-proxy/Editor/PlasticSCM/Assets/Images/d_genericbuhoshechristmas1.png using Guid(d98fbe17966d8ef449b25b99024bf36f) Importer(815301076,1909f56bfc062723c751e8b465ee728b)  -> (artifact id: '4bbefd8bfae857681d0cdb34237e5d78') in 0.026193 seconds 
========================================================================
Received Import Request.
  Time since last request: 0.000034 seconds.
  path: Assets/Download/Low Poly FPS Pack/Components/Textures_&_Sprites/Scope_Textures/Dot_Sight_Blue_Texture.png
  artifactKey: Guid(16923a3edc220904b877f69ae08aca4f) Importer(815301076,1909f56bfc062723c751e8b465ee728b)
Start importing Assets/Download/Low Poly FPS Pack/Components/Textures_&_Sprites/Scope_Textures/Dot_Sight_Blue_Texture.png using Guid(16923a3edc220904b877f69ae08aca4f) Importer(815301076,1909f56bfc062723c751e8b465ee728b)  -> (artifact id: '9132b1d977f3f57ac56e2fc9085bbcc6') in 0.043803 seconds 
========================================================================
Received Import Request.
  Time since last request: 0.000030 seconds.
  path: Packages/com.unity.collab-proxy/Editor/PlasticSCM/Assets/Images/d_expertbuhochristmas.png
  artifactKey: Guid(c887ed2a931c29040bc544cd8c546e9f) Importer(815301076,1909f56bfc062723c751e8b465ee728b)
Start importing Packages/com.unity.collab-proxy/Editor/PlasticSCM/Assets/Images/d_expertbuhochristmas.png using Guid(c887ed2a931c29040bc544cd8c546e9f) Importer(815301076,1909f56bfc062723c751e8b465ee728b)  -> (artifact id: '1dcf575f8a1a9b824ee5d872dfcc6d46') in 0.023729 seconds 
========================================================================
Received Import Request.
  Time since last request: 6.116551 seconds.
  path: Assets/myPrefab/Holes/BloodHoles.prefab
  artifactKey: Guid(b86b5040dfeaab443a7bc75184398e6e) Importer(815301076,1909f56bfc062723c751e8b465ee728b)
Start importing Assets/myPrefab/Holes/BloodHoles.prefab using Guid(b86b5040dfeaab443a7bc75184398e6e) Importer(815301076,1909f56bfc062723c751e8b465ee728b)  -> (artifact id: 'f81a69662e989a9c2ffefeb373a11576') in 0.049040 seconds 
========================================================================
Received Import Request.
  Time since last request: 140.636205 seconds.
  path: Assets/Download/Low Poly FPS Pack/Components/Materials/Bullet_Impact_Materials/Blood_Bullet_Hole_Particle.mat
  artifactKey: Guid(ff9c94956dc07d8469bf32a1884b5a12) Importer(815301076,1909f56bfc062723c751e8b465ee728b)
Start importing Assets/Download/Low Poly FPS Pack/Components/Materials/Bullet_Impact_Materials/Blood_Bullet_Hole_Particle.mat using Guid(ff9c94956dc07d8469bf32a1884b5a12) Importer(815301076,1909f56bfc062723c751e8b465ee728b)  -> (artifact id: '32b3018dd9b0ee732230e0982e662677') in 0.069631 seconds 
========================================================================
Received Import Request.
  Time since last request: 0.000242 seconds.
  path: Assets/Download/Low Poly FPS Pack/Components/Materials/Bullet_Impact_Materials/Metal_Bullet_Hole_Particle.mat
  artifactKey: Guid(dfe1b5f047132e34c8acfbb02cb58bb6) Importer(815301076,1909f56bfc062723c751e8b465ee728b)
Start importing Assets/Download/Low Poly FPS Pack/Components/Materials/Bullet_Impact_Materials/Metal_Bullet_Hole_Particle.mat using Guid(dfe1b5f047132e34c8acfbb02cb58bb6) Importer(815301076,1909f56bfc062723c751e8b465ee728b)  -> (artifact id: '73fc993277fb7f5ba33ba3e4a52d9d5e') in 0.018231 seconds 
========================================================================
Received Import Request.
  Time since last request: 0.000042 seconds.
  path: Assets/Download/Low Poly FPS Pack/Components/Materials/Bullet_Impact_Materials/Concrete_Debris_Particle.mat
  artifactKey: Guid(a526e256d337dbf4288e13f1a96e4461) Importer(815301076,1909f56bfc062723c751e8b465ee728b)
Start importing Assets/Download/Low Poly FPS Pack/Components/Materials/Bullet_Impact_Materials/Concrete_Debris_Particle.mat using Guid(a526e256d337dbf4288e13f1a96e4461) Importer(815301076,1909f56bfc062723c751e8b465ee728b)  -> (artifact id: '622190b028528bd14656eb0bfe963972') in 0.013591 seconds 
========================================================================
Received Import Request.
  Time since last request: 31.419675 seconds.
  path: Assets/Download/Low Poly FPS Pack/Components/Textures_&_Sprites/Particles/Blood_Bullet_Hole_Particle_Texture.png
  artifactKey: Guid(d983fe9c9cb94634489590223107e782) Importer(815301076,1909f56bfc062723c751e8b465ee728b)
Start importing Assets/Download/Low Poly FPS Pack/Components/Textures_&_Sprites/Particles/Blood_Bullet_Hole_Particle_Texture.png using Guid(d983fe9c9cb94634489590223107e782) Importer(815301076,1909f56bfc062723c751e8b465ee728b)  -> (artifact id: '2c9555bb95ef17232f37f826aef45625') in 0.012312 seconds 
========================================================================
Received Import Request.
  Time since last request: 15.244674 seconds.
  path: Assets/Download/Low Poly FPS Pack/Components/Materials/Guns Material.mat
  artifactKey: Guid(e11c4f3ee458bf446918382a2f5f9451) Importer(815301076,1909f56bfc062723c751e8b465ee728b)
Start importing Assets/Download/Low Poly FPS Pack/Components/Materials/Guns Material.mat using Guid(e11c4f3ee458bf446918382a2f5f9451) Importer(815301076,1909f56bfc062723c751e8b465ee728b)  -> (artifact id: '29b2c5ff41bedaaf303b8b2fbe2c8ce1') in 0.028567 seconds 
========================================================================
Received Import Request.
  Time since last request: 2.982416 seconds.
  path: Assets/Download/Low Poly FPS Pack/Components/Textures_&_Sprites
  artifactKey: Guid(29526064f1c732843a798df4e529978d) Importer(815301076,1909f56bfc062723c751e8b465ee728b)
Start importing Assets/Download/Low Poly FPS Pack/Components/Textures_&_Sprites using Guid(29526064f1c732843a798df4e529978d) Importer(815301076,1909f56bfc062723c751e8b465ee728b)  -> (artifact id: 'cc573f67abfd2b837927930cbe4da7eb') in 0.002991 seconds 
========================================================================
Received Import Request.
  Time since last request: 0.024925 seconds.
  path: Assets/Download/Low Poly FPS Pack/Components/Textures_&_Sprites/Low Poly FPS Pack Texture.png
  artifactKey: Guid(d95c2d78760056742b2649f04974b45f) Importer(815301076,1909f56bfc062723c751e8b465ee728b)
Start importing Assets/Download/Low Poly FPS Pack/Components/Textures_&_Sprites/Low Poly FPS Pack Texture.png using Guid(d95c2d78760056742b2649f04974b45f) Importer(815301076,1909f56bfc062723c751e8b465ee728b)  -> (artifact id: '9f332a0b86a82533a4933792f72be812') in 0.012451 seconds 
========================================================================
Received Import Request.
  Time since last request: 3.468659 seconds.
  path: Assets/Download/Low Poly FPS Pack/Components/Textures_&_Sprites/Arm_Textures
  artifactKey: Guid(91817e99a33254e46a8c3250a53e84ec) Importer(815301076,1909f56bfc062723c751e8b465ee728b)
Start importing Assets/Download/Low Poly FPS Pack/Components/Textures_&_Sprites/Arm_Textures using Guid(91817e99a33254e46a8c3250a53e84ec) Importer(815301076,1909f56bfc062723c751e8b465ee728b)  -> (artifact id: '6612b4ce383cbdccbf1343f27b440ff6') in 0.002789 seconds 
========================================================================
Received Import Request.
  Time since last request: 0.030044 seconds.
  path: Assets/Download/Low Poly FPS Pack/Components/Textures_&_Sprites/Arm_Textures/Arm_Texture_Digital_Camo_Desert_01.png
  artifactKey: Guid(bc0f6ba7d368c9d46a24cd49811bee77) Importer(815301076,1909f56bfc062723c751e8b465ee728b)
Start importing Assets/Download/Low Poly FPS Pack/Components/Textures_&_Sprites/Arm_Textures/Arm_Texture_Digital_Camo_Desert_01.png using Guid(bc0f6ba7d368c9d46a24cd49811bee77) Importer(815301076,1909f56bfc062723c751e8b465ee728b)  -> (artifact id: '75ac16596cea43a5cdaa16a98b66ab18') in 0.021763 seconds 
========================================================================
Received Import Request.
  Time since last request: 2.994308 seconds.
  path: Assets/Download/Low Poly FPS Pack/Components/Textures_&_Sprites/Particles
  artifactKey: Guid(afa9db185a571da40a17a3152d5d62ad) Importer(815301076,1909f56bfc062723c751e8b465ee728b)
Start importing Assets/Download/Low Poly FPS Pack/Components/Textures_&_Sprites/Particles using Guid(afa9db185a571da40a17a3152d5d62ad) Importer(815301076,1909f56bfc062723c751e8b465ee728b)  -> (artifact id: '24a78b81d2f4f4264d54e32b17c41d20') in 0.002854 seconds 
========================================================================
Received Import Request.
  Time since last request: 0.042151 seconds.
  path: Assets/Download/Low Poly FPS Pack/Components/Textures_&_Sprites/Particles/BloodParticleTest.png
  artifactKey: Guid(fd335007fc2377b468b295fbf156c947) Importer(815301076,1909f56bfc062723c751e8b465ee728b)
Start importing Assets/Download/Low Poly FPS Pack/Components/Textures_&_Sprites/Particles/BloodParticleTest.png using Guid(fd335007fc2377b468b295fbf156c947) Importer(815301076,1909f56bfc062723c751e8b465ee728b)  -> (artifact id: 'dfa2b65d94db3656959e6efb8eabc118') in 0.017720 seconds 
========================================================================
Received Import Request.
  Time since last request: 0.000029 seconds.
  path: Assets/Download/Low Poly FPS Pack/Components/Textures_&_Sprites/Particles/Metal_Bullet_Hole_Particle_Texture.png
  artifactKey: Guid(60a4be9f303d3224b8b249f14fc202d3) Importer(815301076,1909f56bfc062723c751e8b465ee728b)
Start importing Assets/Download/Low Poly FPS Pack/Components/Textures_&_Sprites/Particles/Metal_Bullet_Hole_Particle_Texture.png using Guid(60a4be9f303d3224b8b249f14fc202d3) Importer(815301076,1909f56bfc062723c751e8b465ee728b)  -> (artifact id: 'ed9f0a2f7064d38b556dd4371bf2cecf') in 0.018621 seconds 
========================================================================
Received Import Request.
  Time since last request: 0.000040 seconds.
  path: Assets/Download/Low Poly FPS Pack/Components/Textures_&_Sprites/Particles/SparksParticleTexture2.png
  artifactKey: Guid(e0ed79ffbec3d7e4eb26bafbbfd4a322) Importer(815301076,1909f56bfc062723c751e8b465ee728b)
Start importing Assets/Download/Low Poly FPS Pack/Components/Textures_&_Sprites/Particles/SparksParticleTexture2.png using Guid(e0ed79ffbec3d7e4eb26bafbbfd4a322) Importer(815301076,1909f56bfc062723c751e8b465ee728b)  -> (artifact id: '7a16633d79b183cd37d83416a1a15f54') in 0.035693 seconds 
========================================================================
Received Import Request.
  Time since last request: 0.000037 seconds.
  path: Assets/Download/Low Poly FPS Pack/Components/Textures_&_Sprites/Particles/Dirt_Bullet_Hole_Particle_Texture.png
  artifactKey: Guid(f72cb00e94737b14f8c51ceb65bccca2) Importer(815301076,1909f56bfc062723c751e8b465ee728b)
Start importing Assets/Download/Low Poly FPS Pack/Components/Textures_&_Sprites/Particles/Dirt_Bullet_Hole_Particle_Texture.png using Guid(f72cb00e94737b14f8c51ceb65bccca2) Importer(815301076,1909f56bfc062723c751e8b465ee728b)  -> (artifact id: '1e8e8b85042bf95551a84648f36525c9') in 0.016011 seconds 
========================================================================
Received Import Request.
  Time since last request: 0.000137 seconds.
  path: Assets/Download/Low Poly FPS Pack/Components/Textures_&_Sprites/Particles/Concrete_Bullet_Hole_Particle_Texture.png
  artifactKey: Guid(e676fea0225b9c74f97851005f7cc31a) Importer(815301076,1909f56bfc062723c751e8b465ee728b)
Start importing Assets/Download/Low Poly FPS Pack/Components/Textures_&_Sprites/Particles/Concrete_Bullet_Hole_Particle_Texture.png using Guid(e676fea0225b9c74f97851005f7cc31a) Importer(815301076,1909f56bfc062723c751e8b465ee728b)  -> (artifact id: '6d9b4600d6b64bf4b208aa22b845d054') in 0.014134 seconds 
========================================================================
Received Import Request.
  Time since last request: 20.699709 seconds.
  path: Assets/Download/Low Poly FPS Pack/Components/Textures_&_Sprites/Particles/Blood_Bullet_Hole_Particle_Texture.png
  artifactKey: Guid(d983fe9c9cb94634489590223107e782) Importer(815301076,1909f56bfc062723c751e8b465ee728b)
Start importing Assets/Download/Low Poly FPS Pack/Components/Textures_&_Sprites/Particles/Blood_Bullet_Hole_Particle_Texture.png using Guid(d983fe9c9cb94634489590223107e782) Importer(815301076,1909f56bfc062723c751e8b465ee728b)  -> (artifact id: 'c66d4911a557e6f8981f8f485506522c') in 0.009934 seconds 
========================================================================
Received Prepare
Registering precompiled user dll's ...
Registered in 0.010198 seconds.
Begin MonoManager ReloadAssembly
Symbol file LoadedFromMemory doesn't match image D:\My_File\Mon_Hoc\HK1 2022-2023\GameDevelopment\CK2\Library\PackageCache\com.unity.visualscripting@1.7.8\Editor\VisualScripting.Core\Dependencies\YamlDotNet\Unity.VisualScripting.YamlDotNet.dll
Symbol file LoadedFromMemory doesn't match image D:\My_File\Mon_Hoc\HK1 2022-2023\GameDevelopment\CK2\Library\PackageCache\com.unity.visualscripting@1.7.8\Editor\VisualScripting.Core\Dependencies\DotNetZip\Unity.VisualScripting.IonicZip.dll
Native extension for WindowsStandalone target not found
Refreshing native plugins compatible for Editor in 0.97 ms, found 3 plugins.
Preloading 0 native plugins for Editor in 0.00 ms.
Mono: successfully reloaded assembly
- Completed reload, in  1.415 seconds
Domain Reload Profiling:
	ReloadAssembly (1415ms)
		BeginReloadAssembly (180ms)
			ExecutionOrderSort (0ms)
			DisableScriptedObjects (8ms)
			BackupInstance (0ms)
			ReleaseScriptingObjects (0ms)
			CreateAndSetChildDomain (49ms)
		EndReloadAssembly (1094ms)
			LoadAssemblies (124ms)
			RebuildTransferFunctionScriptingTraits (0ms)
			SetupTypeCache (391ms)
			ReleaseScriptCaches (2ms)
			RebuildScriptCaches (70ms)
			SetupLoadedEditorAssemblies (453ms)
				LogAssemblyErrors (0ms)
				InitializePlatformSupportModulesInManaged (18ms)
				SetLoadedEditorAssemblies (1ms)
				RefreshPlugins (1ms)
				BeforeProcessingInitializeOnLoad (93ms)
				ProcessInitializeOnLoadAttributes (283ms)
				ProcessInitializeOnLoadMethodAttributes (45ms)
				AfterProcessingInitializeOnLoad (13ms)
				EditorAssembliesLoaded (0ms)
			ExecutionOrderSort2 (0ms)
			AwakeInstancesAfterBackupRestoration (9ms)
Platform modules already initialized, skipping
Refreshing native plugins compatible for Editor in 2.50 ms, found 3 plugins.
Preloading 0 native plugins for Editor in 0.00 ms.
Unloading 3637 Unused Serialized files (Serialized files now loaded: 0)
Unloading 30 unused Assets / (1.2 MB). Loaded Objects now: 4204.
Memory consumption went from 139.5 MB to 138.2 MB.
Total: 4.741100 ms (FindLiveObjects: 0.362200 ms CreateObjectMapping: 0.262800 ms MarkObjects: 3.885600 ms  DeleteObjects: 0.229000 ms)

AssetImportParameters requested are different than current active one (requested -> active):
  custom:video-decoder-ogg-theora: a1e56fd34408186e4bbccfd4996cb3dc -> 
  custom:container-muxer-webm: aa71ff27fc2769a1b78a27578f13a17b -> 
  custom:container-demuxer-webm: 4f35f7cbe854078d1ac9338744f61a02 -> 
  custom:video-encoder-webm-vp8: eb34c28f22e8b96e1ab97ce403110664 -> 
  custom:audio-encoder-webm-vorbis: bf7c407c2cedff20999df2af8eb42d56 -> 
  custom:framework-win-MediaFoundation: 216162199b28c13a410421893ffa2e32 -> 
  custom:SearchIndexIgnoredProperties: e643bd26f0fe6173181afceb89e7c659 -> 
  custom:container-demuxer-ogg: 62fdf1f143b41e24485cea50d1cbac27 -> 
  custom:video-decoder-webm-vp8: 9c59270c3fd7afecdb556c50c9e8de78 -> 
  custom:audio-decoder-ogg-vorbis: bf7c407c2cedff20999df2af8eb42d56 -> 
========================================================================
Received Import Request.
  Time since last request: 60.277836 seconds.
  path: Assets/Download/Low Poly FPS Pack/Components/Textures_&_Sprites/Particles/Concrete_Bullet_Hole_Particle_Texture.png
  artifactKey: Guid(e676fea0225b9c74f97851005f7cc31a) Importer(815301076,1909f56bfc062723c751e8b465ee728b)
Start importing Assets/Download/Low Poly FPS Pack/Components/Textures_&_Sprites/Particles/Concrete_Bullet_Hole_Particle_Texture.png using Guid(e676fea0225b9c74f97851005f7cc31a) Importer(815301076,1909f56bfc062723c751e8b465ee728b)  -> (artifact id: 'abf58cd610d3b14d53b5ec3b567f5b85') in 0.056693 seconds 
========================================================================
Received Import Request.
  Time since last request: 26.593320 seconds.
  path: Assets
  artifactKey: Guid(00000000000000001000000000000000) Importer(815301076,1909f56bfc062723c751e8b465ee728b)
Start importing Assets using Guid(00000000000000001000000000000000) Importer(815301076,1909f56bfc062723c751e8b465ee728b)  -> (artifact id: '79842766b460edbeab6a34051e857a80') in 0.003166 seconds 
========================================================================
Received Import Request.
  Time since last request: 4.809391 seconds.
  path: Assets/Material
  artifactKey: Guid(a377c74aa72f06c49b0a65099d29fc4d) Importer(815301076,1909f56bfc062723c751e8b465ee728b)
Start importing Assets/Material using Guid(a377c74aa72f06c49b0a65099d29fc4d) Importer(815301076,1909f56bfc062723c751e8b465ee728b)  -> (artifact id: '4e804ef0b54b76f6318a63caaf70e85a') in 0.003013 seconds 
========================================================================
Received Import Request.
  Time since last request: 6.640243 seconds.
  path: Assets/Material/New Material.mat
  artifactKey: Guid(9b0643da6d5ecfc4d83069cdc666b192) Importer(815301076,1909f56bfc062723c751e8b465ee728b)
Start importing Assets/Material/New Material.mat using Guid(9b0643da6d5ecfc4d83069cdc666b192) Importer(815301076,1909f56bfc062723c751e8b465ee728b)  -> (artifact id: '4b389ac464b6e7fc25e346806b637461') in 0.065593 seconds 
========================================================================
Received Import Request.
  Time since last request: 7.196360 seconds.
  path: Assets/Download/Pickup Item/PistolAmmoBox/source/9mm ammo box/9mm ammo texture.psd
  artifactKey: Guid(110689d3da0feec4c9947dbcbcd520cc) Importer(815301076,1909f56bfc062723c751e8b465ee728b)
Start importing Assets/Download/Pickup Item/PistolAmmoBox/source/9mm ammo box/9mm ammo texture.psd using Guid(110689d3da0feec4c9947dbcbcd520cc) Importer(815301076,1909f56bfc062723c751e8b465ee728b)  -> (artifact id: '7f330f37c9d258394bdefe37a56caa92') in 0.021178 seconds 
========================================================================
Received Import Request.
  Time since last request: 0.000034 seconds.
  path: Assets/Download/Pickup Item/RifleAmmoBox/textures/ammobox_DefaultMaterial_Metallic.png
  artifactKey: Guid(ba647ec6b18f5a746bbe16586d24d20b) Importer(815301076,1909f56bfc062723c751e8b465ee728b)
Start importing Assets/Download/Pickup Item/RifleAmmoBox/textures/ammobox_DefaultMaterial_Metallic.png using Guid(ba647ec6b18f5a746bbe16586d24d20b) Importer(815301076,1909f56bfc062723c751e8b465ee728b)  -> (artifact id: 'd65dbcb889ab9aabff75b2f1e8428b05') in 0.026141 seconds 
========================================================================
Received Import Request.
  Time since last request: 0.000138 seconds.
  path: Assets/Download/Pickup Item/RifleAmmoBox/source/ammobox_DefaultMaterial_Metallic.png
  artifactKey: Guid(c1766e1ae5148804ebcf8d5797ae26b1) Importer(815301076,1909f56bfc062723c751e8b465ee728b)
Start importing Assets/Download/Pickup Item/RifleAmmoBox/source/ammobox_DefaultMaterial_Metallic.png using Guid(c1766e1ae5148804ebcf8d5797ae26b1) Importer(815301076,1909f56bfc062723c751e8b465ee728b)  -> (artifact id: 'feb41760c7bc9f1836597eb203dd92cc') in 0.020364 seconds 
========================================================================
Received Import Request.
  Time since last request: 0.000036 seconds.
  path: Packages/com.unity.collab-proxy/Editor/Collaborate/Assets/Icons/added-file-light@2x.png
  artifactKey: Guid(ec2e3aa6d0ab8ce4eac29b56d65d61d5) Importer(815301076,1909f56bfc062723c751e8b465ee728b)
Start importing Packages/com.unity.collab-proxy/Editor/Collaborate/Assets/Icons/added-file-light@2x.png using Guid(ec2e3aa6d0ab8ce4eac29b56d65d61d5) Importer(815301076,1909f56bfc062723c751e8b465ee728b)  -> (artifact id: '47d76ec4f2c11324f30ffe3ef770d766') in 0.021093 seconds 
========================================================================
Received Import Request.
  Time since last request: 0.000106 seconds.
  path: Packages/com.unity.collab-proxy/Editor/Collaborate/Assets/Icons/added-file-dark@2x.png
  artifactKey: Guid(c223e0c507e2c6549a2cb97441b62cbe) Importer(815301076,1909f56bfc062723c751e8b465ee728b)
Start importing Packages/com.unity.collab-proxy/Editor/Collaborate/Assets/Icons/added-file-dark@2x.png using Guid(c223e0c507e2c6549a2cb97441b62cbe) Importer(815301076,1909f56bfc062723c751e8b465ee728b)  -> (artifact id: 'ec08493177606f1aa6c94fefd878a7e3') in 0.018214 seconds 
========================================================================
Received Import Request.
  Time since last request: 0.000026 seconds.
  path: Assets/Download/Pickup Item/PistolAmmoBox/source/9mm ammo box/9mm ammo texture.jpg
  artifactKey: Guid(e78989cf7d3c3294e8a7ad55746dfa9a) Importer(815301076,1909f56bfc062723c751e8b465ee728b)
Start importing Assets/Download/Pickup Item/PistolAmmoBox/source/9mm ammo box/9mm ammo texture.jpg using Guid(e78989cf7d3c3294e8a7ad55746dfa9a) Importer(815301076,1909f56bfc062723c751e8b465ee728b)  -> (artifact id: '81c390a3b1181e3417fc4e522adf7506') in 0.015994 seconds 
========================================================================
Received Import Request.
  Time since last request: 0.000061 seconds.
  path: Assets/Download/Pickup Item/RifleAmmoBox/textures/ammobox_DefaultMaterial_Normal.png
  artifactKey: Guid(6a9beafe6a80844488414b8c81862604) Importer(815301076,1909f56bfc062723c751e8b465ee728b)
Start importing Assets/Download/Pickup Item/RifleAmmoBox/textures/ammobox_DefaultMaterial_Normal.png using Guid(6a9beafe6a80844488414b8c81862604) Importer(815301076,1909f56bfc062723c751e8b465ee728b)  -> (artifact id: '722bb7bda0cdc3d2990ca41dcecff9df') in 0.029761 seconds 
========================================================================
Received Import Request.
  Time since last request: 0.000139 seconds.
  path: Assets/Download/Pickup Item/SubmachineAmmoBox/source/Ammobox/ammobox_albedo.png
  artifactKey: Guid(05acf59f7e48aa14e8656fc335ca2692) Importer(815301076,1909f56bfc062723c751e8b465ee728b)
Start importing Assets/Download/Pickup Item/SubmachineAmmoBox/source/Ammobox/ammobox_albedo.png using Guid(05acf59f7e48aa14e8656fc335ca2692) Importer(815301076,1909f56bfc062723c751e8b465ee728b)  -> (artifact id: '0bbc8a134f15d4769b71c165fdcaf26d') in 0.032112 seconds 
========================================================================
Received Import Request.
  Time since last request: 0.000028 seconds.
  path: Packages/com.unity.collab-proxy/Editor/Collaborate/Assets/Icons/added-file-dark.png
  artifactKey: Guid(1a4f52b613391cd449af3ad2e44affeb) Importer(815301076,1909f56bfc062723c751e8b465ee728b)
Start importing Packages/com.unity.collab-proxy/Editor/Collaborate/Assets/Icons/added-file-dark.png using Guid(1a4f52b613391cd449af3ad2e44affeb) Importer(815301076,1909f56bfc062723c751e8b465ee728b)  -> (artifact id: '75231ea8cf749cb2d4c0b504ce816730') in 0.035976 seconds 
========================================================================
Received Import Request.
  Time since last request: 2.372501 seconds.
  path: Packages/com.unity.collab-proxy/Editor/Collaborate/Assets/Icons/choose-mine-dark.png
  artifactKey: Guid(a972d8b163b45d54b89085acf50327e8) Importer(815301076,1909f56bfc062723c751e8b465ee728b)
Start importing Packages/com.unity.collab-proxy/Editor/Collaborate/Assets/Icons/choose-mine-dark.png using Guid(a972d8b163b45d54b89085acf50327e8) Importer(815301076,1909f56bfc062723c751e8b465ee728b)  -> (artifact id: '5aa8ff6e6c38359b4841f16b7907c6e2') in 0.009709 seconds 
========================================================================
Received Import Request.
  Time since last request: 0.000046 seconds.
  path: Packages/com.unity.collab-proxy/Editor/Collaborate/Assets/Icons/choose-remote-dark.png
  artifactKey: Guid(289215d22fcafb941b9e25f8609e25b9) Importer(815301076,1909f56bfc062723c751e8b465ee728b)
Start importing Packages/com.unity.collab-proxy/Editor/Collaborate/Assets/Icons/choose-remote-dark.png using Guid(289215d22fcafb941b9e25f8609e25b9) Importer(815301076,1909f56bfc062723c751e8b465ee728b)  -> (artifact id: '3f5371091a7b8b0675156d917eac48ac') in 0.011774 seconds 
========================================================================
Received Import Request.
  Time since last request: 0.000030 seconds.
  path: Packages/com.unity.collab-proxy/Editor/Collaborate/Assets/Icons/choose-remote-light.png
  artifactKey: Guid(78f56e873f56d7943aef2a039430732e) Importer(815301076,1909f56bfc062723c751e8b465ee728b)
Start importing Packages/com.unity.collab-proxy/Editor/Collaborate/Assets/Icons/choose-remote-light.png using Guid(78f56e873f56d7943aef2a039430732e) Importer(815301076,1909f56bfc062723c751e8b465ee728b)  -> (artifact id: 'ae48c3934a8a79aa28848079e2089441') in 0.012160 seconds 
========================================================================
Received Import Request.
  Time since last request: 0.000039 seconds.
  path: Packages/com.unity.collab-proxy/Editor/Collaborate/Assets/Icons/show-dark@2x.png
  artifactKey: Guid(de4c62a7de5c61a41b5b0029b339f373) Importer(815301076,1909f56bfc062723c751e8b465ee728b)
Start importing Packages/com.unity.collab-proxy/Editor/Collaborate/Assets/Icons/show-dark@2x.png using Guid(de4c62a7de5c61a41b5b0029b339f373) Importer(815301076,1909f56bfc062723c751e8b465ee728b)  -> (artifact id: '69aee2e8d4d8051ac569c9221f7ab268') in 0.013142 seconds 
========================================================================
Received Import Request.
  Time since last request: 0.000135 seconds.
  path: Packages/com.unity.collab-proxy/Editor/Collaborate/Assets/Icons/choose-mine-light.png
  artifactKey: Guid(2c0bdcbf152ceb64ba9b01cc370a9092) Importer(815301076,1909f56bfc062723c751e8b465ee728b)
Start importing Packages/com.unity.collab-proxy/Editor/Collaborate/Assets/Icons/choose-mine-light.png using Guid(2c0bdcbf152ceb64ba9b01cc370a9092) Importer(815301076,1909f56bfc062723c751e8b465ee728b)  -> (artifact id: 'f56cc271e5233537846161f37c077131') in 0.011897 seconds 
========================================================================
Received Import Request.
  Time since last request: 0.000060 seconds.
  path: Packages/com.unity.collab-proxy/Editor/Collaborate/Assets/Icons/choose-remote-light@2x.png
  artifactKey: Guid(2c8a8b796d0907747a9518f9458b2259) Importer(815301076,1909f56bfc062723c751e8b465ee728b)
Start importing Packages/com.unity.collab-proxy/Editor/Collaborate/Assets/Icons/choose-remote-light@2x.png using Guid(2c8a8b796d0907747a9518f9458b2259) Importer(815301076,1909f56bfc062723c751e8b465ee728b)  -> (artifact id: '78fe7c800a5b7f2f5bf909318f185070') in 0.015291 seconds 
========================================================================
Received Import Request.
  Time since last request: 0.000036 seconds.
  path: Assets/Download/Low Poly FPS Pack/Components/Demo_Scene_Components/Textures_&_Sprites/Weapon_Showcase_Textures/Weapon_Showcase_Shadow_Texture.png
  artifactKey: Guid(27d10abcb5ddfd84f9ffc5760350e429) Importer(815301076,1909f56bfc062723c751e8b465ee728b)
Start importing Assets/Download/Low Poly FPS Pack/Components/Demo_Scene_Components/Textures_&_Sprites/Weapon_Showcase_Textures/Weapon_Showcase_Shadow_Texture.png using Guid(27d10abcb5ddfd84f9ffc5760350e429) Importer(815301076,1909f56bfc062723c751e8b465ee728b)  -> (artifact id: 'e1e2a950735fc162d9e7f84275165e8b') in 0.114495 seconds 
========================================================================
Received Import Request.
  Time since last request: 0.000035 seconds.
  path: Assets/Download/Sci-Fi Styled Modular Pack/Textures/hologram texture.png
  artifactKey: Guid(298751e2d47c6fc4dabd5e865463c5f5) Importer(815301076,1909f56bfc062723c751e8b465ee728b)
Start importing Assets/Download/Sci-Fi Styled Modular Pack/Textures/hologram texture.png using Guid(298751e2d47c6fc4dabd5e865463c5f5) Importer(815301076,1909f56bfc062723c751e8b465ee728b)  -> (artifact id: '767d2bbdef3e54d7dc254425504d9aa3') in 0.015201 seconds 
Editor requested this worker to shutdown with reason: Scaling down because of idle timeout
AssetImportWorker is now disconnected from the server
Process exiting
Exiting without the bug reporter. Application will terminate with return code 0