Using pre-set license
Built from '2021.3/release' branch; Version is '2021.3.12f1 (8af3c3e441b1) revision 9106371'; Using compiler version '192829333'; Build Type 'Release'
OS: 'Windows 11  (10.0.22621) 64bit CoreSingleLanguage' Language: 'en' Physical Memory: 8013 MB
BatchMode: 1, IsHumanControllingUs: 0, StartBugReporterOnCrash: 0, Is64bit: 1, IsPro: 1

COMMAND LINE ARGUMENTS:
C:\Program Files\Unity\Hub\Editor\2021.3.12f1\Editor\Unity.exe
-adb2
-batchMode
-noUpm
-name
AssetImportWorker7
-projectPath
D:/My_File/Mon_Hoc/HK1 2022-2023/GameDevelopment/CK2
-logFile
Logs/AssetImportWorker7.log
-srvPort
56767
Successfully changed project path to: D:/My_File/Mon_Hoc/HK1 2022-2023/GameDevelopment/CK2
D:/My_File/Mon_Hoc/HK1 2022-2023/GameDevelopment/CK2
[UnityMemory] Configuration Parameters - Can be set up in boot.config
    "memorysetup-bucket-allocator-granularity=16"
    "memorysetup-bucket-allocator-bucket-count=8"
    "memorysetup-bucket-allocator-block-size=33554432"
    "memorysetup-bucket-allocator-block-count=8"
    "memorysetup-main-allocator-block-size=16777216"
    "memorysetup-thread-allocator-block-size=16777216"
    "memorysetup-gfx-main-allocator-block-size=16777216"
    "memorysetup-gfx-thread-allocator-block-size=16777216"
    "memorysetup-cache-allocator-block-size=4194304"
    "memorysetup-typetree-allocator-block-size=2097152"
    "memorysetup-profiler-bucket-allocator-granularity=16"
    "memorysetup-profiler-bucket-allocator-bucket-count=8"
    "memorysetup-profiler-bucket-allocator-block-size=33554432"
    "memorysetup-profiler-bucket-allocator-block-count=8"
    "memorysetup-profiler-allocator-block-size=16777216"
    "memorysetup-profiler-editor-allocator-block-size=1048576"
    "memorysetup-temp-allocator-size-main=16777216"
    "memorysetup-job-temp-allocator-block-size=2097152"
    "memorysetup-job-temp-allocator-block-size-background=1048576"
    "memorysetup-job-temp-allocator-reduction-small-platforms=262144"
    "memorysetup-temp-allocator-size-background-worker=32768"
    "memorysetup-temp-allocator-size-job-worker=262144"
    "memorysetup-temp-allocator-size-preload-manager=33554432"
    "memorysetup-temp-allocator-size-nav-mesh-worker=65536"
    "memorysetup-temp-allocator-size-audio-worker=65536"
    "memorysetup-temp-allocator-size-cloud-worker=32768"
    "memorysetup-temp-allocator-size-gi-baking-worker=262144"
    "memorysetup-temp-allocator-size-gfx=262144"
Refreshing native plugins compatible for Editor in 152.60 ms, found 3 plugins.
Preloading 0 native plugins for Editor in 0.00 ms.
Initialize engine version: 2021.3.12f1 (8af3c3e441b1)
[Subsystems] Discovering subsystems at path C:/Program Files/Unity/Hub/Editor/2021.3.12f1/Editor/Data/Resources/UnitySubsystems
[Subsystems] Discovering subsystems at path D:/My_File/Mon_Hoc/HK1 2022-2023/GameDevelopment/CK2/Assets
GfxDevice: creating device client; threaded=0; jobified=0
Direct3D:
    Version:  Direct3D 11.0 [level 11.1]
    Renderer: NVIDIA GeForce GTX 1650 with Max-Q Design (ID=0x1f9d)
    Vendor:   NVIDIA
    VRAM:     3962 MB
    Driver:   30.0.15.1123
Initialize mono
Mono path[0] = 'C:/Program Files/Unity/Hub/Editor/2021.3.12f1/Editor/Data/Managed'
Mono path[1] = 'C:/Program Files/Unity/Hub/Editor/2021.3.12f1/Editor/Data/MonoBleedingEdge/lib/mono/unityjit-win32'
Mono config path = 'C:/Program Files/Unity/Hub/Editor/2021.3.12f1/Editor/Data/MonoBleedingEdge/etc'
Using monoOptions --debugger-agent=transport=dt_socket,embedding=1,server=y,suspend=n,address=127.0.0.1:56512
Begin MonoManager ReloadAssembly
Registering precompiled unity dll's ...
Register platform support module: C:/Program Files/Unity/Hub/Editor/2021.3.12f1/Editor/Data/PlaybackEngines/WindowsStandaloneSupport/UnityEditor.WindowsStandalone.Extensions.dll
Registered in 0.007849 seconds.
Native extension for WindowsStandalone target not found
Refreshing native plugins compatible for Editor in 141.73 ms, found 3 plugins.
Preloading 0 native plugins for Editor in 0.00 ms.
Mono: successfully reloaded assembly
- Completed reload, in  0.915 seconds
Domain Reload Profiling:
	ReloadAssembly (916ms)
		BeginReloadAssembly (112ms)
			ExecutionOrderSort (0ms)
			DisableScriptedObjects (0ms)
			BackupInstance (0ms)
			ReleaseScriptingObjects (0ms)
			CreateAndSetChildDomain (1ms)
		EndReloadAssembly (642ms)
			LoadAssemblies (107ms)
			RebuildTransferFunctionScriptingTraits (0ms)
			SetupTypeCache (148ms)
			ReleaseScriptCaches (0ms)
			RebuildScriptCaches (38ms)
			SetupLoadedEditorAssemblies (383ms)
				LogAssemblyErrors (0ms)
				InitializePlatformSupportModulesInManaged (10ms)
				SetLoadedEditorAssemblies (0ms)
				RefreshPlugins (142ms)
				BeforeProcessingInitializeOnLoad (2ms)
				ProcessInitializeOnLoadAttributes (168ms)
				ProcessInitializeOnLoadMethodAttributes (61ms)
				AfterProcessingInitializeOnLoad (0ms)
				EditorAssembliesLoaded (0ms)
			ExecutionOrderSort2 (0ms)
			AwakeInstancesAfterBackupRestoration (0ms)
Platform modules already initialized, skipping
Registering precompiled user dll's ...
Registered in 0.007598 seconds.
Begin MonoManager ReloadAssembly
Symbol file LoadedFromMemory doesn't match image D:\My_File\Mon_Hoc\HK1 2022-2023\GameDevelopment\CK2\Library\PackageCache\com.unity.visualscripting@1.7.8\Editor\VisualScripting.Core\Dependencies\YamlDotNet\Unity.VisualScripting.YamlDotNet.dll
Symbol file LoadedFromMemory doesn't match image D:\My_File\Mon_Hoc\HK1 2022-2023\GameDevelopment\CK2\Library\PackageCache\com.unity.visualscripting@1.7.8\Editor\VisualScripting.Core\Dependencies\DotNetZip\Unity.VisualScripting.IonicZip.dll
Native extension for WindowsStandalone target not found
Refreshing native plugins compatible for Editor in 1.00 ms, found 3 plugins.
Preloading 0 native plugins for Editor in 0.00 ms.
Mono: successfully reloaded assembly
- Completed reload, in  1.515 seconds
Domain Reload Profiling:
	ReloadAssembly (1516ms)
		BeginReloadAssembly (150ms)
			ExecutionOrderSort (0ms)
			DisableScriptedObjects (8ms)
			BackupInstance (0ms)
			ReleaseScriptingObjects (0ms)
			CreateAndSetChildDomain (23ms)
		EndReloadAssembly (1198ms)
			LoadAssemblies (122ms)
			RebuildTransferFunctionScriptingTraits (0ms)
			SetupTypeCache (384ms)
			ReleaseScriptCaches (1ms)
			RebuildScriptCaches (78ms)
			SetupLoadedEditorAssemblies (558ms)
				LogAssemblyErrors (0ms)
				InitializePlatformSupportModulesInManaged (8ms)
				SetLoadedEditorAssemblies (1ms)
				RefreshPlugins (1ms)
				BeforeProcessingInitializeOnLoad (127ms)
				ProcessInitializeOnLoadAttributes (359ms)
				ProcessInitializeOnLoadMethodAttributes (50ms)
				AfterProcessingInitializeOnLoad (13ms)
				EditorAssembliesLoaded (0ms)
			ExecutionOrderSort2 (0ms)
			AwakeInstancesAfterBackupRestoration (8ms)
Platform modules already initialized, skipping
========================================================================
Worker process is ready to serve import requests
Launched and connected shader compiler UnityShaderCompiler.exe after 0.05 seconds
Refreshing native plugins compatible for Editor in 0.93 ms, found 3 plugins.
Preloading 0 native plugins for Editor in 0.00 ms.
Unloading 3691 Unused Serialized files (Serialized files now loaded: 0)
Unloading 41 unused Assets / (1.3 MB). Loaded Objects now: 4163.
Memory consumption went from 151.5 MB to 150.2 MB.
Total: 4.445100 ms (FindLiveObjects: 0.356600 ms CreateObjectMapping: 0.323700 ms MarkObjects: 3.472400 ms  DeleteObjects: 0.291100 ms)

AssetImportParameters requested are different than current active one (requested -> active):
  custom:video-decoder-ogg-theora: a1e56fd34408186e4bbccfd4996cb3dc -> 
  custom:container-muxer-webm: aa71ff27fc2769a1b78a27578f13a17b -> 
  custom:container-demuxer-webm: 4f35f7cbe854078d1ac9338744f61a02 -> 
  custom:video-encoder-webm-vp8: eb34c28f22e8b96e1ab97ce403110664 -> 
  custom:audio-encoder-webm-vorbis: bf7c407c2cedff20999df2af8eb42d56 -> 
  custom:framework-win-MediaFoundation: 216162199b28c13a410421893ffa2e32 -> 
  custom:SearchIndexIgnoredProperties: e643bd26f0fe6173181afceb89e7c659 -> 
  custom:container-demuxer-ogg: 62fdf1f143b41e24485cea50d1cbac27 -> 
  custom:video-decoder-webm-vp8: 9c59270c3fd7afecdb556c50c9e8de78 -> 
  custom:audio-decoder-ogg-vorbis: bf7c407c2cedff20999df2af8eb42d56 -> 
========================================================================
Received Import Request.
  Time since last request: 22375.544276 seconds.
  path: Assets/myPrefab/Weapons/Guns/Glock.prefab
  artifactKey: Guid(df4e9f4291eb9cc4490ad5e0eb157e4d) Importer(815301076,1909f56bfc062723c751e8b465ee728b)
Start importing Assets/myPrefab/Weapons/Guns/Glock.prefab using Guid(df4e9f4291eb9cc4490ad5e0eb157e4d) Importer(815301076,1909f56bfc062723c751e8b465ee728b)  -> (artifact id: '30c2232f4b0af0be5ec9f80fa05d0f7d') in 0.333168 seconds 
========================================================================
Received Import Request.
  Time since last request: 0.000030 seconds.
  path: Assets/myPrefab/Weapons/Guns/Pistol_Bullet.prefab
  artifactKey: Guid(e3cadf372fa66e8469a516c22c196757) Importer(815301076,1909f56bfc062723c751e8b465ee728b)
Start importing Assets/myPrefab/Weapons/Guns/Pistol_Bullet.prefab using Guid(e3cadf372fa66e8469a516c22c196757) Importer(815301076,1909f56bfc062723c751e8b465ee728b)  -> (artifact id: 'fa7ce293fd791aacfe22336d678ba462') in 0.020967 seconds 
========================================================================
Received Import Request.
  Time since last request: 40.823823 seconds.
  path: Assets/Download/Low Poly FPS Pack/Demo_Scenes/Prefabs/Ammo Box.prefab
  artifactKey: Guid(01215cf7bde4d844bb550d8ddfccb49a) Importer(815301076,1909f56bfc062723c751e8b465ee728b)
Start importing Assets/Download/Low Poly FPS Pack/Demo_Scenes/Prefabs/Ammo Box.prefab using Guid(01215cf7bde4d844bb550d8ddfccb49a) Importer(815301076,1909f56bfc062723c751e8b465ee728b)  -> (artifact id: '7ac574fcf54476f967000902ba15273e') in 0.018382 seconds 
========================================================================
Received Import Request.
  Time since last request: 0.000057 seconds.
  path: Assets/Download/Low Poly FPS Pack/Prefabs/Models_Only/Mags/Assault_Rifle_01_Mag_Empty.prefab
  artifactKey: Guid(74eb60743d2530a43a175d9069b2d9af) Importer(815301076,1909f56bfc062723c751e8b465ee728b)
Start importing Assets/Download/Low Poly FPS Pack/Prefabs/Models_Only/Mags/Assault_Rifle_01_Mag_Empty.prefab using Guid(74eb60743d2530a43a175d9069b2d9af) Importer(815301076,1909f56bfc062723c751e8b465ee728b)  -> (artifact id: 'cd0ac3e7ba26d4c448916b0bfeaf79b1') in 0.023256 seconds 
========================================================================
Received Import Request.
  Time since last request: 0.000035 seconds.
  path: Assets/Download/Low Poly FPS Pack/Components/Meshes/Arms/SMG_05/arms_smg_05.fbx
  artifactKey: Guid(18bd21b59e7670a4cab7bd70b7565cf0) Importer(815301076,1909f56bfc062723c751e8b465ee728b)
Start importing Assets/Download/Low Poly FPS Pack/Components/Meshes/Arms/SMG_05/arms_smg_05.fbx using Guid(18bd21b59e7670a4cab7bd70b7565cf0) Importer(815301076,1909f56bfc062723c751e8b465ee728b)  -> (artifact id: '667c428fc5d53e7404375c6123a9161e') in 0.292537 seconds 
========================================================================
Received Import Request.
  Time since last request: 0.000032 seconds.
  path: Assets/Download/Low Poly FPS Pack/Components/Meshes/Arms/Rocket_Launcher_01/arms_rocket_launcher_01.fbx
  artifactKey: Guid(e8f19ec429446654085cd54ca15a6350) Importer(815301076,1909f56bfc062723c751e8b465ee728b)
Start importing Assets/Download/Low Poly FPS Pack/Components/Meshes/Arms/Rocket_Launcher_01/arms_rocket_launcher_01.fbx using Guid(e8f19ec429446654085cd54ca15a6350) Importer(815301076,1909f56bfc062723c751e8b465ee728b)  -> (artifact id: 'ec14dd672c5fb2de55260ecd9523f20f') in 0.124223 seconds 
========================================================================
Received Import Request.
  Time since last request: 0.000049 seconds.
  path: Assets/Download/Sci-Fi Styled Modular Pack/Models/art_5.fbx
  artifactKey: Guid(e528381f299d2ce4db9f7e803942a77c) Importer(815301076,1909f56bfc062723c751e8b465ee728b)
Start importing Assets/Download/Sci-Fi Styled Modular Pack/Models/art_5.fbx using Guid(e528381f299d2ce4db9f7e803942a77c) Importer(815301076,1909f56bfc062723c751e8b465ee728b)  -> (artifact id: '46b555956ec162def6a9a17568178020') in 0.022203 seconds 
========================================================================
Received Import Request.
  Time since last request: 0.000041 seconds.
  path: Assets/Download/Low Poly FPS Pack/Components/Meshes/Arms/Handgun_04/arms_handgun_04.fbx
  artifactKey: Guid(3c66ccb66c13d0b4b9d2d08cb719e3c0) Importer(815301076,1909f56bfc062723c751e8b465ee728b)
Start importing Assets/Download/Low Poly FPS Pack/Components/Meshes/Arms/Handgun_04/arms_handgun_04.fbx using Guid(3c66ccb66c13d0b4b9d2d08cb719e3c0) Importer(815301076,1909f56bfc062723c751e8b465ee728b)  -> (artifact id: '87160a6a44a8ee8148e28278ff883fbf') in 0.158184 seconds 
========================================================================
Received Import Request.
  Time since last request: 0.000041 seconds.
  path: Assets/Download/Sci-Fi Styled Modular Pack/Models/art_2.fbx
  artifactKey: Guid(ac4b748f8929540418552255a129f014) Importer(815301076,1909f56bfc062723c751e8b465ee728b)
Start importing Assets/Download/Sci-Fi Styled Modular Pack/Models/art_2.fbx using Guid(ac4b748f8929540418552255a129f014) Importer(815301076,1909f56bfc062723c751e8b465ee728b)  -> (artifact id: '42f84a1518ce28d7d11644b229217882') in 0.022977 seconds 
========================================================================
Received Import Request.
  Time since last request: 0.000114 seconds.
  path: Assets/Download/Low Poly FPS Pack/Components/Meshes/Guns/Assault_Rifle_03/assault_rifle_03.fbx
  artifactKey: Guid(4f170a6873dfb404aa49cc4e00264b37) Importer(815301076,1909f56bfc062723c751e8b465ee728b)
Start importing Assets/Download/Low Poly FPS Pack/Components/Meshes/Guns/Assault_Rifle_03/assault_rifle_03.fbx using Guid(4f170a6873dfb404aa49cc4e00264b37) Importer(815301076,1909f56bfc062723c751e8b465ee728b)  -> (artifact id: 'd60791c55720aa03e30f11443ebc54bf') in 0.074619 seconds 
========================================================================
Received Import Request.
  Time since last request: 0.000042 seconds.
  path: Assets/Download/Low Poly FPS Pack/Components/Meshes/Arms/SMG_03/arms_smg_03.fbx
  artifactKey: Guid(aee7ab4e220da554499ec058d8da6ea3) Importer(815301076,1909f56bfc062723c751e8b465ee728b)
Start importing Assets/Download/Low Poly FPS Pack/Components/Meshes/Arms/SMG_03/arms_smg_03.fbx using Guid(aee7ab4e220da554499ec058d8da6ea3) Importer(815301076,1909f56bfc062723c751e8b465ee728b)  -> (artifact id: '17de3094bd5cba34b0ff22e8e435aabf') in 0.170330 seconds 
========================================================================
Received Import Request.
  Time since last request: 0.000046 seconds.
  path: Assets/Download/Low Poly FPS Pack/Components/Demo_Scene_Components/Meshes/ammo_box.fbx
  artifactKey: Guid(3cf328a3f1fcd5a478af3129a8f99042) Importer(815301076,1909f56bfc062723c751e8b465ee728b)
Start importing Assets/Download/Low Poly FPS Pack/Components/Demo_Scene_Components/Meshes/ammo_box.fbx using Guid(3cf328a3f1fcd5a478af3129a8f99042) Importer(815301076,1909f56bfc062723c751e8b465ee728b)  -> (artifact id: '05c912d6fe7971ca568609fd6b7e755f') in 0.036637 seconds 
========================================================================
Received Import Request.
  Time since last request: 0.000035 seconds.
  path: Assets/Download/Sci-Fi Styled Modular Pack/Prefabs/Decorative elements/Arts/art_6.prefab
  artifactKey: Guid(52c2612af80526741a33c2092448618c) Importer(815301076,1909f56bfc062723c751e8b465ee728b)
Start importing Assets/Download/Sci-Fi Styled Modular Pack/Prefabs/Decorative elements/Arts/art_6.prefab using Guid(52c2612af80526741a33c2092448618c) Importer(815301076,1909f56bfc062723c751e8b465ee728b)  -> (artifact id: 'a51c476d9c5c2a98f13c5c8a4a2ef776') in 0.042133 seconds 
========================================================================
Received Import Request.
  Time since last request: 0.000043 seconds.
  path: Assets/Download/Low Poly FPS Pack/Components/Meshes/Mags/Assault_Rifle_01_Mags/assault_rifle_01_mag_full.fbx
  artifactKey: Guid(e519d1fbc0246af438bb647b352d141f) Importer(815301076,1909f56bfc062723c751e8b465ee728b)
Start importing Assets/Download/Low Poly FPS Pack/Components/Meshes/Mags/Assault_Rifle_01_Mags/assault_rifle_01_mag_full.fbx using Guid(e519d1fbc0246af438bb647b352d141f) Importer(815301076,1909f56bfc062723c751e8b465ee728b)  -> (artifact id: '0d81da0c9a13519a473394dfc412c0f7') in 0.025234 seconds 
========================================================================
Received Import Request.
  Time since last request: 0.000022 seconds.
  path: Assets/Download/Low Poly FPS Pack/Components/Meshes/Arms/Grenade_Launcher_01/arms_grenade_launcher_01.fbx
  artifactKey: Guid(0077f046c5d9e1547a67749ce5870c1e) Importer(815301076,1909f56bfc062723c751e8b465ee728b)
Start importing Assets/Download/Low Poly FPS Pack/Components/Meshes/Arms/Grenade_Launcher_01/arms_grenade_launcher_01.fbx using Guid(0077f046c5d9e1547a67749ce5870c1e) Importer(815301076,1909f56bfc062723c751e8b465ee728b)  -> (artifact id: '658c041b5dd1384c92bba1be48f5887c') in 0.152995 seconds 
========================================================================
Received Import Request.
  Time since last request: 0.000048 seconds.
  path: Assets/Download/Low Poly FPS Pack/Components/Meshes/Arms/SMG_02/arms_smg_02.fbx
  artifactKey: Guid(e5e1aebe4e6b40743ab0be078564260a) Importer(815301076,1909f56bfc062723c751e8b465ee728b)
Start importing Assets/Download/Low Poly FPS Pack/Components/Meshes/Arms/SMG_02/arms_smg_02.fbx using Guid(e5e1aebe4e6b40743ab0be078564260a) Importer(815301076,1909f56bfc062723c751e8b465ee728b)  -> (artifact id: '8348ed99b1bbc254fd13e396d5ec0865') in 0.172877 seconds 
========================================================================
Received Import Request.
  Time since last request: 0.000042 seconds.
  path: Assets/Download/Sci-Fi Styled Modular Pack/Models/art_1.fbx
  artifactKey: Guid(eb75e9f492c943a4dac52c742f729357) Importer(815301076,1909f56bfc062723c751e8b465ee728b)
Start importing Assets/Download/Sci-Fi Styled Modular Pack/Models/art_1.fbx using Guid(eb75e9f492c943a4dac52c742f729357) Importer(815301076,1909f56bfc062723c751e8b465ee728b)  -> (artifact id: '88916cac4adbe73c2da71ccb81a3c484') in 0.024084 seconds 
========================================================================
Received Import Request.
  Time since last request: 0.000097 seconds.
  path: Assets/Download/Sci-Fi Styled Modular Pack/Models/art_6.fbx
  artifactKey: Guid(a39d814f15db1874aa26081d239b1b10) Importer(815301076,1909f56bfc062723c751e8b465ee728b)
Start importing Assets/Download/Sci-Fi Styled Modular Pack/Models/art_6.fbx using Guid(a39d814f15db1874aa26081d239b1b10) Importer(815301076,1909f56bfc062723c751e8b465ee728b)  -> (artifact id: '2a952d5e8aef7a505da62ac56b8666b6') in 0.022235 seconds 
========================================================================
Received Import Request.
  Time since last request: 0.000046 seconds.
  path: Assets/Download/Low Poly FPS Pack/Prefabs/Models_Only/Guns/Assault_Rifle_01.prefab
  artifactKey: Guid(33f6247810b654041bccca4adbd93f45) Importer(815301076,1909f56bfc062723c751e8b465ee728b)
Start importing Assets/Download/Low Poly FPS Pack/Prefabs/Models_Only/Guns/Assault_Rifle_01.prefab using Guid(33f6247810b654041bccca4adbd93f45) Importer(815301076,1909f56bfc062723c751e8b465ee728b)  -> (artifact id: '956cc36f0c96a443dc7216897374f026') in 0.019999 seconds 
========================================================================
Received Import Request.
  Time since last request: 0.000047 seconds.
  path: Assets/Download/Pickup Item/RifleAmmoBox/source/ammobox.fbx
  artifactKey: Guid(c8289961121cfdb4eb7e47b67e7b269d) Importer(815301076,1909f56bfc062723c751e8b465ee728b)
Start importing Assets/Download/Pickup Item/RifleAmmoBox/source/ammobox.fbx using Guid(c8289961121cfdb4eb7e47b67e7b269d) Importer(815301076,1909f56bfc062723c751e8b465ee728b)  -> (artifact id: '747b6ccfa6a4353aa7e0ee232844032e') in 0.019971 seconds 
Editor requested this worker to shutdown with reason: Scaling down because of idle timeout
AssetImportWorker is now disconnected from the server
Process exiting
Exiting without the bug reporter. Application will terminate with return code 0